2023/10/23 13:31:49 [notice] 1#1: using the "epoll" event method
2023/10/23 13:31:49 [notice] 1#1: nginx/1.25.2
2023/10/23 13:31:49 [notice] 1#1: built by gcc 12.2.1 20220924 (Alpine 12.2.1_git20220924-r10) 
2023/10/23 13:31:49 [notice] 1#1: OS: Linux 5.15.90.1-microsoft-standard-WSL2
2023/10/23 13:31:49 [notice] 1#1: getrlimit(RLIMIT_NOFILE): 1048576:1048576
2023/10/23 13:31:49 [notice] 1#1: start worker processes
2023/10/23 13:31:49 [notice] 1#1: start worker process 20
2023/10/23 13:31:49 [notice] 1#1: start worker process 21
2023/10/23 13:31:49 [notice] 1#1: start worker process 22
2023/10/23 13:31:49 [notice] 1#1: start worker process 23
2023/10/23 13:31:49 [notice] 1#1: start worker process 24
2023/10/23 13:31:49 [notice] 1#1: start worker process 25
2023/10/23 13:31:49 [notice] 1#1: start worker process 26
2023/10/23 13:31:49 [notice] 1#1: start worker process 27
2023/10/23 13:35:21 [notice] 1#1: signal 3 (SIGQUIT) received, shutting down
2023/10/23 13:35:21 [notice] 20#20: gracefully shutting down
2023/10/23 13:35:21 [notice] 21#21: gracefully shutting down
2023/10/23 13:35:21 [notice] 22#22: gracefully shutting down
2023/10/23 13:35:21 [notice] 23#23: gracefully shutting down
2023/10/23 13:35:21 [notice] 24#24: gracefully shutting down
2023/10/23 13:35:21 [notice] 25#25: gracefully shutting down
2023/10/23 13:35:21 [notice] 27#27: gracefully shutting down
2023/10/23 13:35:21 [notice] 26#26: gracefully shutting down
2023/10/23 13:35:21 [notice] 20#20: exiting
2023/10/23 13:35:21 [notice] 21#21: exiting
2023/10/23 13:35:21 [notice] 22#22: exiting
2023/10/23 13:35:21 [notice] 22#22: exit
2023/10/23 13:35:21 [notice] 23#23: exiting
2023/10/23 13:35:21 [notice] 24#24: exiting
2023/10/23 13:35:21 [notice] 25#25: exiting
2023/10/23 13:35:21 [notice] 27#27: exiting
2023/10/23 13:35:21 [notice] 26#26: exiting
2023/10/23 13:35:21 [notice] 20#20: exit
2023/10/23 13:35:21 [notice] 21#21: exit
2023/10/23 13:35:21 [notice] 23#23: exit
2023/10/23 13:35:21 [notice] 24#24: exit
2023/10/23 13:35:21 [notice] 25#25: exit
2023/10/23 13:35:21 [notice] 27#27: exit
2023/10/23 13:35:21 [notice] 26#26: exit
2023/10/23 13:35:21 [notice] 1#1: signal 17 (SIGCHLD) received from 27
2023/10/23 13:35:21 [notice] 1#1: worker process 21 exited with code 0
2023/10/23 13:35:21 [notice] 1#1: worker process 23 exited with code 0
2023/10/23 13:35:21 [notice] 1#1: worker process 26 exited with code 0
2023/10/23 13:35:21 [notice] 1#1: worker process 27 exited with code 0
2023/10/23 13:35:21 [notice] 1#1: signal 29 (SIGIO) received
2023/10/23 13:35:21 [notice] 1#1: signal 17 (SIGCHLD) received from 23
2023/10/23 13:35:21 [notice] 1#1: signal 17 (SIGCHLD) received from 20
2023/10/23 13:35:21 [notice] 1#1: worker process 20 exited with code 0
2023/10/23 13:35:21 [notice] 1#1: worker process 22 exited with code 0
2023/10/23 13:35:21 [notice] 1#1: worker process 24 exited with code 0
2023/10/23 13:35:21 [notice] 1#1: worker process 25 exited with code 0
2023/10/23 13:35:21 [notice] 1#1: exit
2023/10/23 13:35:30 [notice] 1#1: using the "epoll" event method
2023/10/23 13:35:30 [notice] 1#1: nginx/1.25.2
2023/10/23 13:35:30 [notice] 1#1: built by gcc 12.2.1 20220924 (Alpine 12.2.1_git20220924-r10) 
2023/10/23 13:35:30 [notice] 1#1: OS: Linux 5.15.90.1-microsoft-standard-WSL2
2023/10/23 13:35:30 [notice] 1#1: getrlimit(RLIMIT_NOFILE): 1048576:1048576
2023/10/23 13:35:30 [notice] 1#1: start worker processes
2023/10/23 13:35:30 [notice] 1#1: start worker process 20
2023/10/23 13:35:30 [notice] 1#1: start worker process 21
2023/10/23 13:35:30 [notice] 1#1: start worker process 22
2023/10/23 13:35:30 [notice] 1#1: start worker process 23
2023/10/23 13:35:30 [notice] 1#1: start worker process 24
2023/10/23 13:35:30 [notice] 1#1: start worker process 25
2023/10/23 13:35:30 [notice] 1#1: start worker process 26
2023/10/23 13:35:30 [notice] 1#1: start worker process 27
2023/10/23 13:37:31 [crit] 24#24: *12 realpath() "/app/public" failed (2: No such file or directory), client: 172.23.0.1, server: , request: "GET / HTTP/1.1", host: "localhost"
2023/10/23 13:37:31 [crit] 24#24: *12 realpath() "/app/public" failed (2: No such file or directory), client: 172.23.0.1, server: , request: "GET / HTTP/1.1", host: "localhost"
2023/10/23 13:37:39 [crit] 22#22: *4 realpath() "/app/public" failed (2: No such file or directory), client: 172.23.0.1, server: , request: "POST /?vendor_code=123-234 HTTP/1.1", host: "localhost"
2023/10/23 13:37:40 [crit] 22#22: *4 realpath() "/app/public" failed (2: No such file or directory), client: 172.23.0.1, server: , request: "POST /?vendor_code=123-234 HTTP/1.1", host: "localhost"
2023/10/23 13:37:42 [crit] 24#24: *12 realpath() "/app/public" failed (2: No such file or directory), client: 172.23.0.1, server: , request: "GET / HTTP/1.1", host: "localhost"
2023/10/23 13:37:42 [crit] 24#24: *12 realpath() "/app/public" failed (2: No such file or directory), client: 172.23.0.1, server: , request: "GET /favicon.ico HTTP/1.1", host: "localhost", referrer: "http://localhost/"
2023/10/23 13:51:34 [notice] 1#1: signal 3 (SIGQUIT) received, shutting down
2023/10/23 13:51:34 [notice] 20#20: gracefully shutting down
2023/10/23 13:51:34 [notice] 21#21: gracefully shutting down
2023/10/23 13:51:34 [notice] 21#21: exiting
2023/10/23 13:51:34 [notice] 22#22: gracefully shutting down
2023/10/23 13:51:34 [notice] 24#24: gracefully shutting down
2023/10/23 13:51:34 [notice] 23#23: gracefully shutting down
2023/10/23 13:51:34 [notice] 25#25: gracefully shutting down
2023/10/23 13:51:34 [notice] 26#26: gracefully shutting down
2023/10/23 13:51:34 [notice] 27#27: gracefully shutting down
2023/10/23 13:51:34 [notice] 20#20: exiting
2023/10/23 13:51:34 [notice] 21#21: exit
2023/10/23 13:51:34 [notice] 22#22: exiting
2023/10/23 13:51:34 [notice] 24#24: exiting
2023/10/23 13:51:34 [notice] 23#23: exiting
2023/10/23 13:51:34 [notice] 25#25: exiting
2023/10/23 13:51:34 [notice] 26#26: exiting
2023/10/23 13:51:34 [notice] 25#25: exit
2023/10/23 13:51:34 [notice] 27#27: exiting
2023/10/23 13:51:34 [notice] 20#20: exit
2023/10/23 13:51:34 [notice] 22#22: exit
2023/10/23 13:51:34 [notice] 24#24: exit
2023/10/23 13:51:34 [notice] 23#23: exit
2023/10/23 13:51:34 [notice] 26#26: exit
2023/10/23 13:51:34 [notice] 27#27: exit
2023/10/23 13:51:34 [notice] 1#1: signal 17 (SIGCHLD) received from 26
2023/10/23 13:51:34 [notice] 1#1: worker process 21 exited with code 0
2023/10/23 13:51:34 [notice] 1#1: worker process 24 exited with code 0
2023/10/23 13:51:34 [notice] 1#1: worker process 25 exited with code 0
2023/10/23 13:51:34 [notice] 1#1: worker process 26 exited with code 0
2023/10/23 13:51:34 [notice] 1#1: worker process 27 exited with code 0
2023/10/23 13:51:34 [notice] 1#1: signal 29 (SIGIO) received
2023/10/23 13:51:34 [notice] 1#1: signal 17 (SIGCHLD) received from 24
2023/10/23 13:51:34 [notice] 1#1: signal 17 (SIGCHLD) received from 23
2023/10/23 13:51:34 [notice] 1#1: worker process 23 exited with code 0
2023/10/23 13:51:34 [notice] 1#1: signal 29 (SIGIO) received
2023/10/23 13:51:34 [notice] 1#1: signal 17 (SIGCHLD) received from 20
2023/10/23 13:51:34 [notice] 1#1: worker process 20 exited with code 0
2023/10/23 13:51:34 [notice] 1#1: signal 29 (SIGIO) received
2023/10/23 13:51:34 [notice] 1#1: signal 17 (SIGCHLD) received from 22
2023/10/23 13:51:34 [notice] 1#1: worker process 22 exited with code 0
2023/10/23 13:51:34 [notice] 1#1: exit
2023/10/23 13:52:18 [notice] 1#1: using the "epoll" event method
2023/10/23 13:52:18 [notice] 1#1: nginx/1.25.2
2023/10/23 13:52:18 [notice] 1#1: built by gcc 12.2.1 20220924 (Alpine 12.2.1_git20220924-r10) 
2023/10/23 13:52:18 [notice] 1#1: OS: Linux 5.15.90.1-microsoft-standard-WSL2
2023/10/23 13:52:18 [notice] 1#1: getrlimit(RLIMIT_NOFILE): 1048576:1048576
2023/10/23 13:52:18 [notice] 1#1: start worker processes
2023/10/23 13:52:18 [notice] 1#1: start worker process 20
2023/10/23 13:52:18 [notice] 1#1: start worker process 21
2023/10/23 13:52:18 [notice] 1#1: start worker process 22
2023/10/23 13:52:18 [notice] 1#1: start worker process 23
2023/10/23 13:52:18 [notice] 1#1: start worker process 24
2023/10/23 13:52:18 [notice] 1#1: start worker process 25
2023/10/23 13:52:18 [notice] 1#1: start worker process 26
2023/10/23 13:52:18 [notice] 1#1: start worker process 27
2023/10/23 14:17:59 [notice] 1#1: signal 3 (SIGQUIT) received, shutting down
2023/10/23 14:17:59 [notice] 20#20: gracefully shutting down
2023/10/23 14:17:59 [notice] 21#21: gracefully shutting down
2023/10/23 14:17:59 [notice] 22#22: gracefully shutting down
2023/10/23 14:17:59 [notice] 23#23: gracefully shutting down
2023/10/23 14:17:59 [notice] 23#23: exiting
2023/10/23 14:17:59 [notice] 24#24: gracefully shutting down
2023/10/23 14:17:59 [notice] 25#25: gracefully shutting down
2023/10/23 14:17:59 [notice] 26#26: gracefully shutting down
2023/10/23 14:17:59 [notice] 27#27: gracefully shutting down
2023/10/23 14:17:59 [notice] 20#20: exiting
2023/10/23 14:17:59 [notice] 21#21: exiting
2023/10/23 14:17:59 [notice] 22#22: exiting
2023/10/23 14:17:59 [notice] 21#21: exit
2023/10/23 14:17:59 [notice] 23#23: exit
2023/10/23 14:17:59 [notice] 24#24: exiting
2023/10/23 14:17:59 [notice] 25#25: exiting
2023/10/23 14:17:59 [notice] 26#26: exiting
2023/10/23 14:17:59 [notice] 27#27: exiting
2023/10/23 14:17:59 [notice] 20#20: exit
2023/10/23 14:17:59 [notice] 22#22: exit
2023/10/23 14:17:59 [notice] 24#24: exit
2023/10/23 14:17:59 [notice] 25#25: exit
2023/10/23 14:17:59 [notice] 26#26: exit
2023/10/23 14:17:59 [notice] 27#27: exit
2023/10/23 14:17:59 [notice] 1#1: signal 17 (SIGCHLD) received from 25
2023/10/23 14:17:59 [notice] 1#1: worker process 25 exited with code 0
2023/10/23 14:17:59 [notice] 1#1: signal 29 (SIGIO) received
2023/10/23 14:17:59 [notice] 1#1: signal 17 (SIGCHLD) received from 22
2023/10/23 14:17:59 [notice] 1#1: worker process 22 exited with code 0
2023/10/23 14:17:59 [notice] 1#1: signal 29 (SIGIO) received
2023/10/23 14:17:59 [notice] 1#1: signal 17 (SIGCHLD) received from 24
2023/10/23 14:17:59 [notice] 1#1: worker process 24 exited with code 0
2023/10/23 14:17:59 [notice] 1#1: signal 29 (SIGIO) received
2023/10/23 14:17:59 [notice] 1#1: signal 17 (SIGCHLD) received from 21
2023/10/23 14:17:59 [notice] 1#1: worker process 20 exited with code 0
2023/10/23 14:17:59 [notice] 1#1: worker process 21 exited with code 0
2023/10/23 14:17:59 [notice] 1#1: signal 29 (SIGIO) received
2023/10/23 14:17:59 [notice] 1#1: signal 17 (SIGCHLD) received from 27
2023/10/23 14:17:59 [notice] 1#1: worker process 27 exited with code 0
2023/10/23 14:17:59 [notice] 1#1: signal 29 (SIGIO) received
2023/10/23 14:17:59 [notice] 1#1: signal 17 (SIGCHLD) received from 23
2023/10/23 14:17:59 [notice] 1#1: worker process 23 exited with code 0
2023/10/23 14:17:59 [notice] 1#1: signal 29 (SIGIO) received
2023/10/23 14:17:59 [notice] 1#1: signal 17 (SIGCHLD) received from 26
2023/10/23 14:17:59 [notice] 1#1: worker process 26 exited with code 0
2023/10/23 14:17:59 [notice] 1#1: exit
2023/10/23 14:18:02 [notice] 1#1: using the "epoll" event method
2023/10/23 14:18:02 [notice] 1#1: nginx/1.25.2
2023/10/23 14:18:02 [notice] 1#1: built by gcc 12.2.1 20220924 (Alpine 12.2.1_git20220924-r10) 
2023/10/23 14:18:02 [notice] 1#1: OS: Linux 5.15.90.1-microsoft-standard-WSL2
2023/10/23 14:18:02 [notice] 1#1: getrlimit(RLIMIT_NOFILE): 1048576:1048576
2023/10/23 14:18:02 [notice] 1#1: start worker processes
2023/10/23 14:18:02 [notice] 1#1: start worker process 20
2023/10/23 14:18:02 [notice] 1#1: start worker process 21
2023/10/23 14:18:02 [notice] 1#1: start worker process 22
2023/10/23 14:18:02 [notice] 1#1: start worker process 23
2023/10/23 14:18:02 [notice] 1#1: start worker process 24
2023/10/23 14:18:02 [notice] 1#1: start worker process 25
2023/10/23 14:18:02 [notice] 1#1: start worker process 26
2023/10/23 14:18:02 [notice] 1#1: start worker process 27
2023/10/23 14:18:21 [notice] 1#1: signal 3 (SIGQUIT) received, shutting down
2023/10/23 14:18:21 [notice] 20#20: gracefully shutting down
2023/10/23 14:18:21 [notice] 21#21: gracefully shutting down
2023/10/23 14:18:21 [notice] 21#21: exiting
2023/10/23 14:18:21 [notice] 22#22: gracefully shutting down
2023/10/23 14:18:21 [notice] 23#23: gracefully shutting down
2023/10/23 14:18:21 [notice] 24#24: gracefully shutting down
2023/10/23 14:18:21 [notice] 27#27: gracefully shutting down
2023/10/23 14:18:21 [notice] 25#25: gracefully shutting down
2023/10/23 14:18:21 [notice] 26#26: gracefully shutting down
2023/10/23 14:18:21 [notice] 20#20: exiting
2023/10/23 14:18:21 [notice] 21#21: exit
2023/10/23 14:18:21 [notice] 22#22: exiting
2023/10/23 14:18:21 [notice] 23#23: exiting
2023/10/23 14:18:21 [notice] 24#24: exiting
2023/10/23 14:18:21 [notice] 27#27: exiting
2023/10/23 14:18:21 [notice] 25#25: exiting
2023/10/23 14:18:21 [notice] 26#26: exiting
2023/10/23 14:18:21 [notice] 20#20: exit
2023/10/23 14:18:21 [notice] 22#22: exit
2023/10/23 14:18:21 [notice] 23#23: exit
2023/10/23 14:18:21 [notice] 24#24: exit
2023/10/23 14:18:21 [notice] 27#27: exit
2023/10/23 14:18:21 [notice] 25#25: exit
2023/10/23 14:18:21 [notice] 26#26: exit
2023/10/23 14:18:21 [notice] 1#1: signal 17 (SIGCHLD) received from 23
2023/10/23 14:18:21 [notice] 1#1: worker process 23 exited with code 0
2023/10/23 14:18:21 [notice] 1#1: signal 29 (SIGIO) received
2023/10/23 14:18:21 [notice] 1#1: signal 17 (SIGCHLD) received from 21
2023/10/23 14:18:21 [notice] 1#1: worker process 21 exited with code 0
2023/10/23 14:18:21 [notice] 1#1: signal 29 (SIGIO) received
2023/10/23 14:18:21 [notice] 1#1: signal 17 (SIGCHLD) received from 26
2023/10/23 14:18:21 [notice] 1#1: worker process 24 exited with code 0
2023/10/23 14:18:21 [notice] 1#1: worker process 26 exited with code 0
2023/10/23 14:18:21 [notice] 1#1: signal 29 (SIGIO) received
2023/10/23 14:18:21 [notice] 1#1: signal 17 (SIGCHLD) received from 22
2023/10/23 14:18:21 [notice] 1#1: worker process 22 exited with code 0
2023/10/23 14:18:21 [notice] 1#1: worker process 27 exited with code 0
2023/10/23 14:18:21 [notice] 1#1: signal 29 (SIGIO) received
2023/10/23 14:18:21 [notice] 1#1: signal 17 (SIGCHLD) received from 25
2023/10/23 14:18:21 [notice] 1#1: worker process 20 exited with code 0
2023/10/23 14:18:21 [notice] 1#1: worker process 25 exited with code 0
2023/10/23 14:18:21 [notice] 1#1: exit
2023/10/23 14:18:23 [notice] 1#1: using the "epoll" event method
2023/10/23 14:18:23 [notice] 1#1: nginx/1.25.2
2023/10/23 14:18:23 [notice] 1#1: built by gcc 12.2.1 20220924 (Alpine 12.2.1_git20220924-r10) 
2023/10/23 14:18:23 [notice] 1#1: OS: Linux 5.15.90.1-microsoft-standard-WSL2
2023/10/23 14:18:23 [notice] 1#1: getrlimit(RLIMIT_NOFILE): 1048576:1048576
2023/10/23 14:18:23 [notice] 1#1: start worker processes
2023/10/23 14:18:23 [notice] 1#1: start worker process 20
2023/10/23 14:18:23 [notice] 1#1: start worker process 21
2023/10/23 14:18:23 [notice] 1#1: start worker process 22
2023/10/23 14:18:23 [notice] 1#1: start worker process 23
2023/10/23 14:18:23 [notice] 1#1: start worker process 24
2023/10/23 14:18:23 [notice] 1#1: start worker process 25
2023/10/23 14:18:23 [notice] 1#1: start worker process 26
2023/10/23 14:18:23 [notice] 1#1: start worker process 27
2023/10/24 14:12:03 [notice] 1#1: using the "epoll" event method
2023/10/24 14:12:03 [notice] 1#1: nginx/1.25.2
2023/10/24 14:12:03 [notice] 1#1: built by gcc 12.2.1 20220924 (Alpine 12.2.1_git20220924-r10) 
2023/10/24 14:12:03 [notice] 1#1: OS: Linux 5.15.90.1-microsoft-standard-WSL2
2023/10/24 14:12:03 [notice] 1#1: getrlimit(RLIMIT_NOFILE): 1048576:1048576
2023/10/24 14:12:03 [notice] 1#1: start worker processes
2023/10/24 14:12:03 [notice] 1#1: start worker process 20
2023/10/24 14:12:03 [notice] 1#1: start worker process 21
2023/10/24 14:12:03 [notice] 1#1: start worker process 22
2023/10/24 14:12:03 [notice] 1#1: start worker process 23
2023/10/24 14:12:03 [notice] 1#1: start worker process 24
2023/10/24 14:12:03 [notice] 1#1: start worker process 25
2023/10/24 14:12:03 [notice] 1#1: start worker process 26
2023/10/24 14:12:03 [notice] 1#1: start worker process 27
2023/10/25 11:58:09 [notice] 1#1: using the "epoll" event method
2023/10/25 11:58:09 [notice] 1#1: nginx/1.25.2
2023/10/25 11:58:09 [notice] 1#1: built by gcc 12.2.1 20220924 (Alpine 12.2.1_git20220924-r10) 
2023/10/25 11:58:09 [notice] 1#1: OS: Linux 5.15.90.1-microsoft-standard-WSL2
2023/10/25 11:58:09 [notice] 1#1: getrlimit(RLIMIT_NOFILE): 1048576:1048576
2023/10/25 11:58:09 [notice] 1#1: start worker processes
2023/10/25 11:58:09 [notice] 1#1: start worker process 20
2023/10/25 11:58:09 [notice] 1#1: start worker process 21
2023/10/25 11:58:09 [notice] 1#1: start worker process 22
2023/10/25 11:58:09 [notice] 1#1: start worker process 23
2023/10/25 11:58:09 [notice] 1#1: start worker process 24
2023/10/25 11:58:09 [notice] 1#1: start worker process 25
2023/10/25 11:58:09 [notice] 1#1: start worker process 26
2023/10/25 11:58:09 [notice] 1#1: start worker process 27
2023/10/25 14:57:47 [notice] 1#1: signal 3 (SIGQUIT) received, shutting down
2023/10/25 14:57:47 [notice] 20#20: gracefully shutting down
2023/10/25 14:57:47 [notice] 25#25: gracefully shutting down
2023/10/25 14:57:47 [notice] 27#27: gracefully shutting down
2023/10/25 14:57:47 [notice] 26#26: gracefully shutting down
2023/10/25 14:57:47 [notice] 22#22: gracefully shutting down
2023/10/25 14:57:47 [notice] 24#24: gracefully shutting down
2023/10/25 14:57:47 [notice] 21#21: gracefully shutting down
2023/10/25 14:57:47 [notice] 23#23: gracefully shutting down
2023/10/25 14:57:47 [notice] 20#20: exiting
2023/10/25 14:57:47 [notice] 25#25: exiting
2023/10/25 14:57:47 [notice] 27#27: exiting
2023/10/25 14:57:47 [notice] 26#26: exiting
2023/10/25 14:57:47 [notice] 22#22: exiting
2023/10/25 14:57:47 [notice] 24#24: exiting
2023/10/25 14:57:47 [notice] 21#21: exiting
2023/10/25 14:57:47 [notice] 23#23: exiting
2023/10/25 14:57:47 [notice] 20#20: exit
2023/10/25 14:57:47 [notice] 25#25: exit
2023/10/25 14:57:47 [notice] 27#27: exit
2023/10/25 14:57:47 [notice] 26#26: exit
2023/10/25 14:57:47 [notice] 22#22: exit
2023/10/25 14:57:47 [notice] 24#24: exit
2023/10/25 14:57:47 [notice] 21#21: exit
2023/10/25 14:57:47 [notice] 23#23: exit
2023/10/25 14:57:47 [notice] 1#1: signal 17 (SIGCHLD) received from 27
2023/10/25 14:57:47 [notice] 1#1: worker process 27 exited with code 0
2023/10/25 14:57:47 [notice] 1#1: signal 29 (SIGIO) received
2023/10/25 14:57:47 [notice] 1#1: signal 17 (SIGCHLD) received from 25
2023/10/25 14:57:47 [notice] 1#1: worker process 22 exited with code 0
2023/10/25 14:57:47 [notice] 1#1: worker process 25 exited with code 0
2023/10/25 14:57:47 [notice] 1#1: signal 29 (SIGIO) received
2023/10/25 14:57:47 [notice] 1#1: signal 17 (SIGCHLD) received from 24
2023/10/25 14:57:47 [notice] 1#1: worker process 23 exited with code 0
2023/10/25 14:57:47 [notice] 1#1: worker process 24 exited with code 0
2023/10/25 14:57:47 [notice] 1#1: signal 29 (SIGIO) received
2023/10/25 14:57:47 [notice] 1#1: signal 17 (SIGCHLD) received from 26
2023/10/25 14:57:47 [notice] 1#1: worker process 20 exited with code 0
2023/10/25 14:57:47 [notice] 1#1: worker process 26 exited with code 0
2023/10/25 14:57:47 [notice] 1#1: signal 29 (SIGIO) received
2023/10/25 14:57:47 [notice] 1#1: signal 17 (SIGCHLD) received from 21
2023/10/25 14:57:47 [notice] 1#1: worker process 21 exited with code 0
2023/10/25 14:57:47 [notice] 1#1: exit
2023/10/26 08:52:42 [notice] 1#1: using the "epoll" event method
2023/10/26 08:52:42 [notice] 1#1: nginx/1.25.2
2023/10/26 08:52:42 [notice] 1#1: built by gcc 12.2.1 20220924 (Alpine 12.2.1_git20220924-r10) 
2023/10/26 08:52:42 [notice] 1#1: OS: Linux 5.15.90.1-microsoft-standard-WSL2
2023/10/26 08:52:42 [notice] 1#1: getrlimit(RLIMIT_NOFILE): 1048576:1048576
2023/10/26 08:52:42 [notice] 1#1: start worker processes
2023/10/26 08:52:42 [notice] 1#1: start worker process 20
2023/10/26 08:52:42 [notice] 1#1: start worker process 21
2023/10/26 08:52:42 [notice] 1#1: start worker process 22
2023/10/26 08:52:42 [notice] 1#1: start worker process 23
2023/10/26 08:52:42 [notice] 1#1: start worker process 24
2023/10/26 08:52:42 [notice] 1#1: start worker process 25
2023/10/26 08:52:42 [notice] 1#1: start worker process 26
2023/10/26 08:52:42 [notice] 1#1: start worker process 27
2023/10/26 08:53:12 [notice] 1#1: using the "epoll" event method
2023/10/26 08:53:12 [notice] 1#1: nginx/1.25.2
2023/10/26 08:53:12 [notice] 1#1: built by gcc 12.2.1 20220924 (Alpine 12.2.1_git20220924-r10) 
2023/10/26 08:53:12 [notice] 1#1: OS: Linux 5.15.90.1-microsoft-standard-WSL2
2023/10/26 08:53:12 [notice] 1#1: getrlimit(RLIMIT_NOFILE): 1048576:1048576
2023/10/26 08:53:12 [notice] 1#1: start worker processes
2023/10/26 08:53:12 [notice] 1#1: start worker process 20
2023/10/26 08:53:12 [notice] 1#1: start worker process 21
2023/10/26 08:53:12 [notice] 1#1: start worker process 22
2023/10/26 08:53:12 [notice] 1#1: start worker process 23
2023/10/26 08:53:12 [notice] 1#1: start worker process 24
2023/10/26 08:53:12 [notice] 1#1: start worker process 25
2023/10/26 08:53:12 [notice] 1#1: start worker process 26
2023/10/26 08:53:12 [notice] 1#1: start worker process 27
2023/10/27 08:02:41 [notice] 1#1: using the "epoll" event method
2023/10/27 08:02:41 [notice] 1#1: nginx/1.25.2
2023/10/27 08:02:41 [notice] 1#1: built by gcc 12.2.1 20220924 (Alpine 12.2.1_git20220924-r10) 
2023/10/27 08:02:41 [notice] 1#1: OS: Linux 5.15.90.1-microsoft-standard-WSL2
2023/10/27 08:02:41 [notice] 1#1: getrlimit(RLIMIT_NOFILE): 1048576:1048576
2023/10/27 08:02:41 [notice] 1#1: start worker processes
2023/10/27 08:02:41 [notice] 1#1: start worker process 20
2023/10/27 08:02:41 [notice] 1#1: start worker process 21
2023/10/27 08:02:41 [notice] 1#1: start worker process 22
2023/10/27 08:02:41 [notice] 1#1: start worker process 23
2023/10/27 08:02:41 [notice] 1#1: start worker process 24
2023/10/27 08:02:41 [notice] 1#1: start worker process 25
2023/10/27 08:02:41 [notice] 1#1: start worker process 26
2023/10/27 08:02:41 [notice] 1#1: start worker process 27
2023/10/28 20:17:40 [notice] 1#1: using the "epoll" event method
2023/10/28 20:17:40 [notice] 1#1: nginx/1.25.2
2023/10/28 20:17:40 [notice] 1#1: built by gcc 12.2.1 20220924 (Alpine 12.2.1_git20220924-r10) 
2023/10/28 20:17:40 [notice] 1#1: OS: Linux 5.15.90.1-microsoft-standard-WSL2
2023/10/28 20:17:40 [notice] 1#1: getrlimit(RLIMIT_NOFILE): 1048576:1048576
2023/10/28 20:17:40 [notice] 1#1: start worker processes
2023/10/28 20:17:40 [notice] 1#1: start worker process 20
2023/10/28 20:17:40 [notice] 1#1: start worker process 21
2023/10/28 20:17:40 [notice] 1#1: start worker process 22
2023/10/28 20:17:40 [notice] 1#1: start worker process 23
2023/10/28 20:17:40 [notice] 1#1: start worker process 24
2023/10/28 20:17:40 [notice] 1#1: start worker process 25
2023/10/28 20:17:40 [notice] 1#1: start worker process 26
2023/10/28 20:17:40 [notice] 1#1: start worker process 27
2023/11/01 13:13:58 [notice] 1#1: using the "epoll" event method
2023/11/01 13:13:58 [notice] 1#1: nginx/1.25.2
2023/11/01 13:13:58 [notice] 1#1: built by gcc 12.2.1 20220924 (Alpine 12.2.1_git20220924-r10) 
2023/11/01 13:13:58 [notice] 1#1: OS: Linux 5.15.90.1-microsoft-standard-WSL2
2023/11/01 13:13:58 [notice] 1#1: getrlimit(RLIMIT_NOFILE): 1048576:1048576
2023/11/01 13:13:58 [notice] 1#1: start worker processes
2023/11/01 13:13:58 [notice] 1#1: start worker process 20
2023/11/01 13:13:58 [notice] 1#1: start worker process 21
2023/11/01 13:13:58 [notice] 1#1: start worker process 22
2023/11/01 13:13:58 [notice] 1#1: start worker process 23
2023/11/01 13:13:58 [notice] 1#1: start worker process 24
2023/11/01 13:13:58 [notice] 1#1: start worker process 25
2023/11/01 13:13:58 [notice] 1#1: start worker process 26
2023/11/01 13:13:58 [notice] 1#1: start worker process 27
2023/11/02 06:47:18 [notice] 1#1: using the "epoll" event method
2023/11/02 06:47:18 [notice] 1#1: nginx/1.25.2
2023/11/02 06:47:18 [notice] 1#1: built by gcc 12.2.1 20220924 (Alpine 12.2.1_git20220924-r10) 
2023/11/02 06:47:18 [notice] 1#1: OS: Linux 5.15.90.1-microsoft-standard-WSL2
2023/11/02 06:47:18 [notice] 1#1: getrlimit(RLIMIT_NOFILE): 1048576:1048576
2023/11/02 06:47:18 [notice] 1#1: start worker processes
2023/11/02 06:47:18 [notice] 1#1: start worker process 20
2023/11/02 06:47:18 [notice] 1#1: start worker process 21
2023/11/02 06:47:18 [notice] 1#1: start worker process 22
2023/11/02 06:47:18 [notice] 1#1: start worker process 23
2023/11/02 06:47:18 [notice] 1#1: start worker process 24
2023/11/02 06:47:18 [notice] 1#1: start worker process 25
2023/11/02 06:47:18 [notice] 1#1: start worker process 26
2023/11/02 06:47:18 [notice] 1#1: start worker process 27
